<?xml version="1.0" encoding="UTF-8" standalone="yes"?><!DOCTYPE report PUBLIC "-//JACOCO//DTD Report 1.1//EN" "report.dtd"><report name="animalitos-servicio-impl"><sessioninfo id="iMac-Pro-de-Ivan.local-b96696bf" start="1779201609214" dump="1779201615787"/><sessioninfo id="iMac-Pro-de-Ivan.local-6ea758c8" start="1779202299805" dump="1779202305199"/><sessioninfo id="iMac-Pro-de-Ivan.local-9a95a90d" start="1779203939550" dump="1779203945901"/><sessioninfo id="iMac-Pro-de-Ivan.local-4fd979c6" start="1779208340809" dump="1779208349299"/><sessioninfo id="iMac-Pro-de-Ivan.local-143eba41" start="1779208449568" dump="1779208460375"/><sessioninfo id="iMac-Pro-de-Ivan.local-3449aa91" start="1779209111999" dump="1779209126415"/><sessioninfo id="iMac-Pro-de-Ivan.local-8d5b1c95" start="1779209297003" dump="1779209309092"/><sessioninfo id="iMac-Pro-de-Ivan.local-2bb4f1d8" start="1779209343723" dump="1779209353048"/><sessioninfo id="iMac-Pro-de-Ivan.local-997ab6f4" start="1779209482253" dump="1779209487483"/><sessioninfo id="iMac-Pro-de-Ivan.local-2456d809" start="1779209545579" dump="1779209556254"/><sessioninfo id="iMac-Pro-de-Ivan.local-1548c01" start="1779209626002" dump="1779209642587"/><sessioninfo id="iMac-Pro-de-Ivan.local-349f8c10" start="1779209714774" dump="1779209731776"/><sessioninfo id="iMac-Pro-de-Ivan.local-63f31e6c" start="1779209790800" dump="1779209803880"/><package name="com/curso/animalitos"><class name="com/curso/animalitos/AnimalitosServiceImpl" sourcefilename="AnimalitosServiceImpl.java"><method name="&lt;init&gt;" desc="(Lcom/curso/animalitos/AnimalitosRepository;Lcom/curso/animalitos/SistemaDeMensajeria;)V" line="9"><counter type="INSTRUCTION" missed="0" covered="9"/><counter type="LINE" missed="0" covered="4"/><counter type="COMPLEXITY" missed="0" covered="1"/><counter type="METHOD" missed="0" covered="1"/></method><method name="registrarAnimalito" desc="(Lcom/curso/animalitos/DatosRegistroAnimalito;)Lcom/curso/animalitos/DatosCompletosAnimalito;" line="16"><counter type="INSTRUCTION" missed="0" covered="11"/><counter type="LINE" missed="0" covered="3"/><counter type="COMPLEXITY" missed="0" covered="1"/><counter type="METHOD" missed="0" covered="1"/></method><method name="recuperarAnimalito" desc="(Ljava/lang/String;)Lcom/curso/animalitos/DatosCompletosAnimalito;" line="23"><counter type="INSTRUCTION" missed="0" covered="5"/><counter type="LINE" missed="0" covered="1"/><counter type="COMPLEXITY" missed="0" covered="1"/><counter type="METHOD" missed="0" covered="1"/></method><method name="modificarAnimalito" desc="(Ljava/lang/String;Lcom/curso/animalitos/DatosRegistroAnimalito;)Lcom/curso/animalitos/DatosCompletosAnimalito;" line="28"><counter type="INSTRUCTION" missed="0" covered="12"/><counter type="LINE" missed="0" covered="3"/><counter type="COMPLEXITY" missed="0" covered="1"/><counter type="METHOD" missed="0" covered="1"/></method><method name="borrarAnimalito" desc="(Ljava/lang/String;)V" line="35"><counter type="INSTRUCTION" missed="0" covered="5"/><counter type="LINE" missed="0" covered="2"/><counter type="COMPLEXITY" missed="0" covered="1"/><counter type="METHOD" missed="0" covered="1"/></method><counter type="INSTRUCTION" missed="0" covered="42"/><counter type="LINE" missed="0" covered="13"/><counter type="COMPLEXITY" missed="0" covered="5"/><counter type="METHOD" missed="0" covered="5"/><counter type="CLASS" missed="0" covered="1"/></class><sourcefile name="AnimalitosServiceImpl.java"><line nr="9" mi="0" ci="2" mb="0" cb="0"/><line nr="10" mi="0" ci="3" mb="0" cb="0"/><line nr="11" mi="0" ci="3" mb="0" cb="0"/><line nr="12" mi="0" ci="1" mb="0" cb="0"/><line nr="16" mi="0" ci="5" mb="0" cb="0"/><line nr="17" mi="0" ci="4" mb="0" cb="0"/><line nr="18" mi="0" ci="2" mb="0" cb="0"/><line nr="23" mi="0" ci="5" mb="0" cb="0"/><line nr="28" mi="0" ci="6" mb="0" cb="0"/><line nr="29" mi="0" ci="4" mb="0" cb="0"/><line nr="30" mi="0" ci="2" mb="0" cb="0"/><line nr="35" mi="0" ci="4" mb="0" cb="0"/><line nr="36" mi="0" ci="1" mb="0" cb="0"/><counter type="INSTRUCTION" missed="0" covered="42"/><counter type="LINE" missed="0" covered="13"/><counter type="COMPLEXITY" missed="0" covered="5"/><counter type="METHOD" missed="0" covered="5"/><counter type="CLASS" missed="0" covered="1"/></sourcefile><counter type="INSTRUCTION" missed="0" covered="42"/><counter type="LINE" missed="0" covered="13"/><counter type="COMPLEXITY" missed="0" covered="5"/><counter type="METHOD" missed="0" covered="5"/><counter type="CLASS" missed="0" covered="1"/></package><counter type="INSTRUCTION" missed="0" covered="42"/><counter type="LINE" missed="0" covered="13"/><counter type="COMPLEXITY" missed="0" covered="5"/><counter type="METHOD" missed="0" covered="5"/><counter type="CLASS" missed="0" covered="1"/></report>