<?xml version="1.0" encoding="UTF-8" standalone="yes"?><!DOCTYPE report PUBLIC "-//JACOCO//DTD Report 1.1//EN" "report.dtd"><report name="animalitos-servicio-api"><sessioninfo id="iMac-Pro-de-Ivan.local-d3789d80" start="1779201604357" dump="1779201605982"/><sessioninfo id="iMac-Pro-de-Ivan.local-38ab881" start="1779202298064" dump="1779202299083"/><sessioninfo id="iMac-Pro-de-Ivan.local-3000fc87" start="1779203937582" dump="1779203938759"/><package name="com/curso/animalitos"><class name="com/curso/animalitos/AnimalitosService" sourcefilename="AnimalitosService.java"/><sourcefile name="AnimalitosService.java"/></package></report>