<?xml version="1.0" encoding="UTF-8" standalone="yes"?><!DOCTYPE report PUBLIC "-//JACOCO//DTD Report 1.1//EN" "report.dtd"><report name="animalitos-servicio-api"><sessioninfo id="iMac-Pro-de-Ivan.local-d3789d80" start="1779201604357" dump="1779201605982"/><sessioninfo id="iMac-Pro-de-Ivan.local-38ab881" start="1779202298064" dump="1779202299083"/><sessioninfo id="iMac-Pro-de-Ivan.local-3000fc87" start="1779203937582" dump="1779203938759"/><sessioninfo id="iMac-Pro-de-Ivan.local-61d0a903" start="1779208332341" dump="1779208334548"/><sessioninfo id="iMac-Pro-de-Ivan.local-107dc9e5" start="1779208443131" dump="1779208445102"/><sessioninfo id="iMac-Pro-de-Ivan.local-50823289" start="1779209102593" dump="1779209104770"/><sessioninfo id="iMac-Pro-de-Ivan.local-fff14394" start="1779209287937" dump="1779209289933"/><sessioninfo id="iMac-Pro-de-Ivan.local-9bccb6e5" start="1779209338422" dump="1779209340641"/><sessioninfo id="iMac-Pro-de-Ivan.local-75e636b7" start="1779209472399" dump="1779209474334"/><sessioninfo id="iMac-Pro-de-Ivan.local-a67586c8" start="1779209540563" dump="1779209542407"/><sessioninfo id="iMac-Pro-de-Ivan.local-957b0878" start="1779209614092" dump="1779209616223"/><sessioninfo id="iMac-Pro-de-Ivan.local-224a3238" start="1779209707300" dump="1779209712011"/><sessioninfo id="iMac-Pro-de-Ivan.local-643dfb94" start="1779209783902" dump="1779209787440"/><package name="com/curso/animalitos"><class name="com/curso/animalitos/AnimalitosService" sourcefilename="AnimalitosService.java"/><sourcefile name="AnimalitosService.java"/></package></report>